https:https://visalia.craigslist.org/msd/6154876868.html
https:https://visalia.craigslist.org/bab/6140432143.html
https:https://visalia.craigslist.org/bab/6176790242.html
https:https://visalia.craigslist.org/for/6176050159.html
https:https://visalia.craigslist.org/art/6160469106.html
https:https://hanford.craigslist.org/bab/6161938045.html
https:https://ventura.craigslist.org/spo/6144408259.html
https:https://ventura.craigslist.org/clt/6169946068.html
https:https://ventura.craigslist.org/clt/6100751696.html
https:https://ventura.craigslist.org/bab/6141490912.html
https:https://ventura.craigslist.org/bab/6159199085.html
https:https://ventura.craigslist.org/msd/6136107556.html
https:https://ventura.craigslist.org/art/6172210066.html
https:https://ventura.craigslist.org/hsh/6172974666.html
https:https://ventura.craigslist.org/art/6139129199.html
https:https://ventura.craigslist.org/bab/6117894207.html
https:https://ventura.craigslist.org/art/6139345696.html
https:https://ventura.craigslist.org/hsh/6174186884.html
https:https://ventura.craigslist.org/clt/6101713362.html
https:https://ventura.craigslist.org/bab/6115254444.html
https:https://ventura.craigslist.org/art/6115737495.html
https:https://ventura.craigslist.org/grd/6154698136.html
https:https://ventura.craigslist.org/grd/6165519777.html
https:https://ventura.craigslist.org/bab/6076932195.html
https:https://ventura.craigslist.org/grd/6171364278.html
https:https://santabarbara.craigslist.org/bfs/6131642796.html
https:https://santabarbara.craigslist.org/fuo/6115373902.html
https:https://santabarbara.craigslist.org/fuo/6167606498.html
https:https://santabarbara.craigslist.org/grq/6150428856.html
https:https://santabarbara.craigslist.org/grd/6077579051.html
https:https://santabarbara.craigslist.org/bab/6108330838.html
https:https://santabarbara.craigslist.org/art/6120579229.html
https://visalia.craigslist.org/bab/6140432143.html
https://visalia.craigslist.org/msd/6154876868.html
https://hanford.craigslist.org/bab/6161938045.html
