https://bakersfield.craigslist.org/for/6157755106.html
https://bakersfield.craigslist.org/spo/6123618122.html
https://bakersfield.craigslist.org/fuo/6168266587.html
https://bakersfield.craigslist.org/fuo/6178249647.html
https://bakersfield.craigslist.org/spo/6123744780.html
https://bakersfield.craigslist.org/grq/6171090620.html
https://bakersfield.craigslist.org/grd/6177112266.html
https://bakersfield.craigslist.org/bab/6168186389.html
https://bakersfield.craigslist.org/clt/6135467859.html
https://bakersfield.craigslist.org/clt/6123581365.html
https:https://visalia.craigslist.org/msd/6154876868.html
https:https://visalia.craigslist.org/bab/6140432143.html
https:https://visalia.craigslist.org/bab/6176790242.html
https:https://visalia.craigslist.org/for/6176050159.html
https:https://visalia.craigslist.org/art/6160469106.html
https:https://hanford.craigslist.org/bab/6161938045.html
https:https://ventura.craigslist.org/spo/6144408259.html
https:https://ventura.craigslist.org/clt/6169946068.html
https:https://ventura.craigslist.org/clt/6100751696.html
https:https://ventura.craigslist.org/bab/6141490912.html
https:https://ventura.craigslist.org/bab/6159199085.html
https:https://ventura.craigslist.org/msd/6136107556.html
https:https://ventura.craigslist.org/art/6172210066.html
https:https://ventura.craigslist.org/hsh/6172974666.html
https:https://ventura.craigslist.org/art/6139129199.html
https:https://ventura.craigslist.org/bab/6117894207.html
https:https://ventura.craigslist.org/art/6139345696.html
https:https://ventura.craigslist.org/hsh/6174186884.html
https:https://ventura.craigslist.org/clt/6101713362.html
https:https://ventura.craigslist.org/bab/6115254444.html
https:https://ventura.craigslist.org/art/6115737495.html
https:https://ventura.craigslist.org/grd/6154698136.html
https:https://ventura.craigslist.org/grd/6165519777.html
https:https://ventura.craigslist.org/bab/6076932195.html
https:https://ventura.craigslist.org/grd/6171364278.html
